2025-08-06 13:46:37,865 - INFO - Running experiments on cuda
2025-08-06 13:46:37,943 - INFO - Running normal on square 16x16
2025-08-06 13:50:14,514 - INFO - Running experiments on cuda
2025-08-06 13:50:14,515 - INFO - Running normal on square 16x16
2025-08-06 14:11:49,906 - INFO - Processing square matrices 1/9 size 16x16
2025-08-06 14:11:49,907 - INFO - Running baseline SVD...
2025-08-06 14:11:49,920 - INFO - Running normal initialization...
2025-08-06 14:11:49,948 - INFO - Running ortho initialization...
2025-08-06 14:11:49,988 - INFO - Running iid_entries initialization...
2025-08-06 14:11:50,018 - INFO - Running lean_walsh initialization...
2025-08-06 14:11:50,046 - INFO - Running identity_copies initialization...
2025-08-06 14:11:50,072 - INFO - Processing square matrices 2/9 size 32x32
2025-08-06 14:11:50,073 - INFO - Running baseline SVD...
2025-08-06 14:11:50,085 - INFO - Running normal initialization...
2025-08-06 14:11:50,116 - INFO - Running ortho initialization...
2025-08-06 14:11:50,161 - INFO - Running iid_entries initialization...
2025-08-06 14:11:50,196 - INFO - Running lean_walsh initialization...
2025-08-06 14:11:50,227 - INFO - Running identity_copies initialization...
2025-08-06 14:11:50,257 - INFO - Processing square matrices 3/9 size 64x64
2025-08-06 14:11:50,258 - INFO - Running baseline SVD...
2025-08-06 14:11:50,297 - INFO - Running normal initialization...
2025-08-06 14:11:50,382 - INFO - Running ortho initialization...
2025-08-06 14:11:50,487 - INFO - Running iid_entries initialization...
2025-08-06 14:11:50,570 - INFO - Running lean_walsh initialization...
2025-08-06 14:11:50,688 - INFO - Running identity_copies initialization...
2025-08-06 14:11:50,793 - INFO - Processing square matrices 4/9 size 128x128
2025-08-06 14:11:50,794 - INFO - Running baseline SVD...
2025-08-06 14:11:50,860 - INFO - Running normal initialization...
2025-08-06 14:11:51,014 - INFO - Running ortho initialization...
2025-08-06 14:11:51,195 - INFO - Running iid_entries initialization...
2025-08-06 14:11:51,349 - INFO - Running lean_walsh initialization...
2025-08-06 14:11:51,522 - INFO - Running identity_copies initialization...
2025-08-06 14:11:51,706 - INFO - Processing square matrices 5/9 size 256x256
2025-08-06 14:11:51,706 - INFO - Running baseline SVD...
2025-08-06 14:11:51,935 - INFO - Running normal initialization...
2025-08-06 14:11:52,493 - INFO - Running ortho initialization...
2025-08-06 14:11:53,120 - INFO - Running iid_entries initialization...
2025-08-06 14:11:53,711 - INFO - Running lean_walsh initialization...
2025-08-06 14:11:54,291 - INFO - Running identity_copies initialization...
2025-08-06 14:11:56,357 - INFO - Processing square matrices 6/9 size 512x512
2025-08-06 14:11:56,358 - INFO - Running baseline SVD...
2025-08-06 14:11:56,993 - INFO - Running normal initialization...
2025-08-06 14:11:58,397 - INFO - Running ortho initialization...
2025-08-06 14:11:59,995 - INFO - Running iid_entries initialization...
2025-08-06 14:12:01,511 - INFO - Running lean_walsh initialization...
2025-08-06 14:12:02,975 - INFO - Running identity_copies initialization...
2025-08-06 14:12:04,444 - INFO - Processing square matrices 7/9 size 1024x1024
2025-08-06 14:12:04,444 - INFO - Running baseline SVD...
2025-08-06 14:12:06,142 - INFO - Running normal initialization...
2025-08-06 14:12:09,939 - INFO - Running ortho initialization...
2025-08-06 14:20:55,828 - INFO - Processing square matrices 1/9 size 16x16
2025-08-06 14:20:55,829 - INFO - Running baseline SVD...
2025-08-06 14:20:55,847 - INFO - Running normal initialization...
2025-08-06 14:20:55,882 - INFO - Running ortho initialization...
2025-08-06 14:20:55,933 - INFO - Running iid_entries initialization...
2025-08-06 14:20:55,972 - INFO - Running lean_walsh initialization...
2025-08-06 14:20:56,013 - INFO - Running identity_copies initialization...
2025-08-06 14:20:56,058 - INFO - Processing square matrices 2/9 size 32x32
2025-08-06 14:20:56,059 - INFO - Running baseline SVD...
2025-08-06 14:20:56,081 - INFO - Running normal initialization...
2025-08-06 14:20:56,139 - INFO - Running ortho initialization...
2025-08-06 14:20:56,209 - INFO - Running iid_entries initialization...
2025-08-06 14:20:56,262 - INFO - Running lean_walsh initialization...
2025-08-06 14:20:56,315 - INFO - Running identity_copies initialization...
2025-08-06 14:20:56,367 - INFO - Processing square matrices 3/9 size 64x64
2025-08-06 14:20:56,367 - INFO - Running baseline SVD...
2025-08-06 14:20:56,430 - INFO - Running normal initialization...
2025-08-06 14:20:56,575 - INFO - Running ortho initialization...
2025-08-06 14:20:56,741 - INFO - Running iid_entries initialization...
2025-08-06 14:20:56,891 - INFO - Running lean_walsh initialization...
2025-08-06 14:20:57,063 - INFO - Running identity_copies initialization...
2025-08-06 14:20:57,210 - INFO - Processing square matrices 4/9 size 128x128
2025-08-06 14:20:57,211 - INFO - Running baseline SVD...
2025-08-06 14:20:57,337 - INFO - Running normal initialization...
2025-08-06 14:20:57,614 - INFO - Running ortho initialization...
2025-08-06 14:20:57,946 - INFO - Running iid_entries initialization...
2025-08-06 14:20:58,221 - INFO - Running lean_walsh initialization...
2025-08-06 14:21:00,383 - INFO - Running identity_copies initialization...
2025-08-06 14:21:00,670 - INFO - Processing square matrices 5/9 size 256x256
2025-08-06 14:21:00,670 - INFO - Running baseline SVD...
2025-08-06 14:21:00,958 - INFO - Running normal initialization...
2025-08-06 14:21:01,541 - INFO - Running ortho initialization...
2025-08-06 14:21:02,205 - INFO - Running iid_entries initialization...
2025-08-06 14:21:02,813 - INFO - Running lean_walsh initialization...
2025-08-06 14:21:03,382 - INFO - Running identity_copies initialization...
2025-08-06 14:21:03,945 - INFO - Processing square matrices 6/9 size 512x512
2025-08-06 14:21:03,945 - INFO - Running baseline SVD...
2025-08-06 14:21:04,564 - INFO - Running normal initialization...
2025-08-06 14:21:05,963 - INFO - Running ortho initialization...
2025-08-06 14:21:07,532 - INFO - Running iid_entries initialization...
2025-08-06 14:21:08,916 - INFO - Running lean_walsh initialization...
2025-08-06 14:21:10,263 - INFO - Running identity_copies initialization...
2025-08-06 14:21:11,603 - INFO - Processing square matrices 7/9 size 1024x1024
2025-08-06 14:21:11,603 - INFO - Running baseline SVD...
2025-08-06 14:21:13,194 - INFO - Running normal initialization...
2025-08-06 14:21:16,846 - INFO - Running ortho initialization...
2025-08-06 14:21:21,845 - INFO - Running iid_entries initialization...
2025-08-06 14:21:25,923 - INFO - Running lean_walsh initialization...
2025-08-06 14:21:29,931 - INFO - Running identity_copies initialization...
2025-08-06 14:21:35,664 - INFO - Processing square matrices 8/9 size 2048x2048
2025-08-06 14:21:35,665 - INFO - Running baseline SVD...
2025-08-06 14:21:40,438 - INFO - Running normal initialization...
2025-08-06 14:21:51,234 - INFO - Running ortho initialization...
2025-08-06 14:22:11,644 - INFO - Running iid_entries initialization...
2025-08-06 14:22:26,059 - INFO - Running lean_walsh initialization...
2025-08-06 14:22:42,775 - INFO - Running identity_copies initialization...
2025-08-06 14:22:55,089 - INFO - Processing square matrices 9/9 size 4096x4096
2025-08-06 14:22:55,089 - INFO - Running baseline SVD...
2025-08-06 14:23:55,311 - INFO - Running normal initialization...
2025-08-06 14:25:38,847 - INFO - Running ortho initialization...
2025-08-06 14:27:42,908 - INFO - Running iid_entries initialization...
2025-08-06 14:29:32,154 - INFO - Running lean_walsh initialization...
2025-08-06 14:31:23,385 - INFO - Running identity_copies initialization...
2025-08-06 14:33:03,155 - INFO - Processing rectangular matrices 1/9 size 256x16
2025-08-06 14:33:03,155 - INFO - Running normal initialization...
2025-08-06 14:33:03,240 - INFO - Running ortho initialization...
2025-08-06 14:33:03,359 - INFO - Running iid_entries initialization...
2025-08-06 14:33:03,491 - INFO - Running lean_walsh initialization...
2025-08-06 14:33:03,646 - INFO - Running identity_copies initialization...
